0 info it worked if it ends with ok
1 verbose cli [ '/usr/local/bin/node',
1 verbose cli   '/usr/local/lib/node_modules/npm/bin/npm-cli.js',
1 verbose cli   'run-script',
1 verbose cli   'publish-gh-pages' ]
2 info using npm@3.7.3
3 info using node@v5.9.1
4 verbose run-script [ 'prepublish-gh-pages',
4 verbose run-script   'publish-gh-pages',
4 verbose run-script   'postpublish-gh-pages' ]
5 info lifecycle gittor@0.1.0~prepublish-gh-pages: gittor@0.1.0
6 silly lifecycle gittor@0.1.0~prepublish-gh-pages: no script for prepublish-gh-pages, continuing
7 info lifecycle gittor@0.1.0~publish-gh-pages: gittor@0.1.0
8 verbose lifecycle gittor@0.1.0~publish-gh-pages: unsafe-perm in lifecycle true
9 verbose lifecycle gittor@0.1.0~publish-gh-pages: PATH: /usr/local/lib/node_modules/npm/bin/node-gyp-bin:/Users/ge/projects/gittor/node_modules/.bin:/usr/local/bin:/usr/local/sbin:/Users/ge/.node/bin:/Users/ge/bin:/usr/local/heroku/bin:/usr/local/bin:/usr/bin:/bin:/usr/sbin:/sbin:/Applications/domino:/usr/local/git/bin:/usr/local/mongodb/bin:/usr/texbin:/Applications/Genymotion Shell.app/Contents/MacOS:/Applications/Genymotion.app/Contents/MacOS
10 verbose lifecycle gittor@0.1.0~publish-gh-pages: CWD: /Users/ge/projects/gittor
11 silly lifecycle gittor@0.1.0~publish-gh-pages: Args: [ '-c', 'git subtree push --prefix build origin gh-pages' ]
12 silly lifecycle gittor@0.1.0~publish-gh-pages: Returned: code: 1  signal: null
13 info lifecycle gittor@0.1.0~publish-gh-pages: Failed to exec publish-gh-pages script
14 verbose stack Error: gittor@0.1.0 publish-gh-pages: `git subtree push --prefix build origin gh-pages`
14 verbose stack Exit status 1
14 verbose stack     at EventEmitter.<anonymous> (/usr/local/lib/node_modules/npm/lib/utils/lifecycle.js:239:16)
14 verbose stack     at emitTwo (events.js:100:13)
14 verbose stack     at EventEmitter.emit (events.js:185:7)
14 verbose stack     at ChildProcess.<anonymous> (/usr/local/lib/node_modules/npm/lib/utils/spawn.js:24:14)
14 verbose stack     at emitTwo (events.js:100:13)
14 verbose stack     at ChildProcess.emit (events.js:185:7)
14 verbose stack     at maybeClose (internal/child_process.js:850:16)
14 verbose stack     at Process.ChildProcess._handle.onexit (internal/child_process.js:215:5)
15 verbose pkgid gittor@0.1.0
16 verbose cwd /Users/ge/projects/gittor
17 error Darwin 15.4.0
18 error argv "/usr/local/bin/node" "/usr/local/lib/node_modules/npm/bin/npm-cli.js" "run-script" "publish-gh-pages"
19 error node v5.9.1
20 error npm  v3.7.3
21 error code ELIFECYCLE
22 error gittor@0.1.0 publish-gh-pages: `git subtree push --prefix build origin gh-pages`
22 error Exit status 1
23 error Failed at the gittor@0.1.0 publish-gh-pages script 'git subtree push --prefix build origin gh-pages'.
23 error Make sure you have the latest version of node.js and npm installed.
23 error If you do, this is most likely a problem with the gittor package,
23 error not with npm itself.
23 error Tell the author that this fails on your system:
23 error     git subtree push --prefix build origin gh-pages
23 error You can get information on how to open an issue for this project with:
23 error     npm bugs gittor
23 error Or if that isn't available, you can get their info via:
23 error     npm owner ls gittor
23 error There is likely additional logging output above.
24 verbose exit [ 1, true ]
